2003.01.06 15:41 B C:\MATLAB6p1\work\ntc_d\absBandEdge.m <-- scriabin /home/craig/ntc_d absBandEdge.m
2003.01.06 15:41 B C:\MATLAB6p1\work\ntc_d\appendAttributes.m <-- scriabin /home/craig/ntc_d appendAttributes.m
2003.01.06 15:41 B C:\MATLAB6p1\work\ntc_d\applyPrefs.m <-- scriabin /home/craig/ntc_d applyPrefs.m
2003.01.06 15:41 B C:\MATLAB6p1\work\ntc_d\bilogist.m <-- scriabin /home/craig/ntc_d bilogist.m
2003.01.06 15:41 B C:\MATLAB6p1\work\ntc_d\bumpFit.m <-- scriabin /home/craig/ntc_d bumpFit.m
2003.01.06 15:41 B C:\MATLAB6p1\work\ntc_d\bumpFit.m~ <-- scriabin /home/craig/ntc_d bumpFit.m~
2003.01.06 15:41 B C:\MATLAB6p1\work\ntc_d\bumpFitMinFun.m <-- scriabin /home/craig/ntc_d bumpFitMinFun.m
2003.01.06 15:41 B C:\MATLAB6p1\work\ntc_d\Changes.txt <-- scriabin /home/craig/ntc_d Changes.txt
2003.01.06 15:41 B C:\MATLAB6p1\work\ntc_d\compcondtcs.m <-- scriabin /home/craig/ntc_d compcondtcs.m
2003.01.06 15:41 B C:\MATLAB6p1\work\ntc_d\compHeilParms.m <-- scriabin /home/craig/ntc_d compHeilParms.m
2003.01.06 15:41 B C:\MATLAB6p1\work\ntc_d\compSpontRate.m <-- scriabin /home/craig/ntc_d compSpontRate.m
2003.01.06 15:41 B C:\MATLAB6p1\work\ntc_d\Contents.m <-- scriabin /home/craig/ntc_d Contents.m
2003.01.06 15:41 B C:\MATLAB6p1\work\ntc_d\deleteFig.m <-- scriabin /home/craig/ntc_d deleteFig.m
2003.01.06 15:41 B C:\MATLAB6p1\work\ntc_d\doHist.m <-- scriabin /home/craig/ntc_d doHist.m
2003.01.06 15:41 B C:\MATLAB6p1\work\ntc_d\doLatency.m <-- scriabin /home/craig/ntc_d doLatency.m
2003.01.06 15:41 B C:\MATLAB6p1\work\ntc_d\doRate.m <-- scriabin /home/craig/ntc_d doRate.m
2003.01.06 15:41 B C:\MATLAB6p1\work\ntc_d\dullButtons.m <-- scriabin /home/craig/ntc_d dullButtons.m
2003.01.06 15:41 B C:\MATLAB6p1\work\ntc_d\enterNewAtten.m <-- scriabin /home/craig/ntc_d enterNewAtten.m
2003.01.06 15:41 B C:\MATLAB6p1\work\ntc_d\firstSigSpikes.m <-- scriabin /home/craig/ntc_d firstSigSpikes.m
2003.01.06 15:41 B C:\MATLAB6p1\work\ntc_d\fr.txt~ <-- scriabin /home/craig/ntc_d fr.txt~
2003.01.06 15:41 B C:\MATLAB6p1\work\ntc_d\funcret.txt~ <-- scriabin /home/craig/ntc_d funcret.txt~
2003.01.06 15:41 B C:\MATLAB6p1\work\ntc_d\funHeil.m <-- scriabin /home/craig/ntc_d funHeil.m
2003.01.06 15:41 B C:\MATLAB6p1\work\ntc_d\getNewAttribute.m <-- scriabin /home/craig/ntc_d getNewAttribute.m
2003.01.06 15:41 B C:\MATLAB6p1\work\ntc_d\getOSinfo.m <-- scriabin /home/craig/ntc_d getOSinfo.m
2003.01.06 15:41 B C:\MATLAB6p1\work\ntc_d\getOSinfo.m~ <-- scriabin /home/craig/ntc_d getOSinfo.m~
2003.01.06 15:41 B C:\MATLAB6p1\work\ntc_d\ginputUsingArrow.m <-- scriabin /home/craig/ntc_d ginputUsingArrow.m
2003.01.06 15:41 B C:\MATLAB6p1\work\ntc_d\gradHeil.m <-- scriabin /home/craig/ntc_d gradHeil.m
2003.01.06 15:41 B C:\MATLAB6p1\work\ntc_d\helpntc.m <-- scriabin /home/craig/ntc_d helpntc.m
2003.01.06 15:41 B C:\MATLAB6p1\work\ntc_d\histoAccept.m <-- scriabin /home/craig/ntc_d histoAccept.m
2003.01.06 15:41 B C:\MATLAB6p1\work\ntc_d\histoMarkRadios.m <-- scriabin /home/craig/ntc_d histoMarkRadios.m
2003.01.06 15:42 B C:\MATLAB6p1\work\ntc_d\histoRangeRadios.m <-- scriabin /home/craig/ntc_d histoRangeRadios.m
2003.01.06 15:42 B C:\MATLAB6p1\work\ntc_d\histZoom.m <-- scriabin /home/craig/ntc_d histZoom.m
2003.01.06 15:42 B C:\MATLAB6p1\work\ntc_d\histZoom.m~ <-- scriabin /home/craig/ntc_d histZoom.m~
2003.01.06 15:42 B C:\MATLAB6p1\work\ntc_d\INCLUDE_DEFS.m <-- scriabin /home/craig/ntc_d INCLUDE_DEFS.m
2003.01.06 15:42 B C:\MATLAB6p1\work\ntc_d\latencyRadios.m <-- scriabin /home/craig/ntc_d latencyRadios.m
2003.01.06 15:42 B C:\MATLAB6p1\work\ntc_d\latencyZoom.m <-- scriabin /home/craig/ntc_d latencyZoom.m
2003.01.06 15:42 B C:\MATLAB6p1\work\ntc_d\latencyZoom.m~ <-- scriabin /home/craig/ntc_d latencyZoom.m~
2003.01.06 15:42 B C:\MATLAB6p1\work\ntc_d\loadPrefs.m <-- scriabin /home/craig/ntc_d loadPrefs.m
2003.01.06 15:42 B C:\MATLAB6p1\work\ntc_d\logist.m <-- scriabin /home/craig/ntc_d logist.m
2003.01.06 15:42 B C:\MATLAB6p1\work\ntc_d\makeAmps.m <-- scriabin /home/craig/ntc_d makeAmps.m
2003.01.06 15:42 B C:\MATLAB6p1\work\ntc_d\makeDataMat.m <-- scriabin /home/craig/ntc_d makeDataMat.m
2003.01.06 15:42 B C:\MATLAB6p1\work\ntc_d\makeDataMat.m~ <-- scriabin /home/craig/ntc_d makeDataMat.m~
2003.01.06 15:42 B C:\MATLAB6p1\work\ntc_d\makeDisplayMat.m <-- scriabin /home/craig/ntc_d makeDisplayMat.m
2003.01.06 15:42 B C:\MATLAB6p1\work\ntc_d\makeDotAxes.m <-- scriabin /home/craig/ntc_d makeDotAxes.m
2003.01.06 15:42 B C:\MATLAB6p1\work\ntc_d\makeFreqTicks.m <-- scriabin /home/craig/ntc_d makeFreqTicks.m
2003.01.06 15:42 B C:\MATLAB6p1\work\ntc_d\makePColorAxes.m <-- scriabin /home/craig/ntc_d makePColorAxes.m
2003.01.06 15:42 B C:\MATLAB6p1\work\ntc_d\makeQuiverAxes.m <-- scriabin /home/craig/ntc_d makeQuiverAxes.m
2003.01.06 15:42 B C:\MATLAB6p1\work\ntc_d\markEtcButton.m <-- scriabin /home/craig/ntc_d markEtcButton.m
2003.01.06 15:42 B C:\MATLAB6p1\work\ntc_d\markOrZoomButton.m <-- scriabin /home/craig/ntc_d markOrZoomButton.m
2003.01.06 15:42 B C:\MATLAB6p1\work\ntc_d\markSpontRange.m <-- scriabin /home/craig/ntc_d markSpontRange.m
2003.01.06 15:42 B C:\MATLAB6p1\work\ntc_d\markStimRange.m <-- scriabin /home/craig/ntc_d markStimRange.m
2003.01.06 15:42 B C:\MATLAB6p1\work\ntc_d\matlab.mat <-- scriabin /home/craig/ntc_d matlab.mat
2003.01.06 15:42 B C:\MATLAB6p1\work\ntc_d\measure.m <-- scriabin /home/craig/ntc_d measure.m
2003.01.06 15:42 B C:\MATLAB6p1\work\ntc_d\mkColHeaders.m <-- scriabin /home/craig/ntc_d mkColHeaders.m
2003.01.06 15:42 B C:\MATLAB6p1\work\ntc_d\mkOldHeaders.m <-- scriabin /home/craig/ntc_d mkOldHeaders.m
2003.01.06 15:42 B C:\MATLAB6p1\work\ntc_d\modNTCFonts.m <-- scriabin /home/craig/ntc_d modNTCFonts.m
2003.01.06 15:42 B C:\MATLAB6p1\work\ntc_d\modPrefs.m <-- scriabin /home/craig/ntc_d modPrefs.m
2003.01.06 15:42 B C:\MATLAB6p1\work\ntc_d\modPrefs.m.sav <-- scriabin /home/craig/ntc_d modPrefs.m.sav
2003.01.06 15:42 B C:\MATLAB6p1\work\ntc_d\moveButton.m <-- scriabin /home/craig/ntc_d moveButton.m
2003.01.06 15:42 B C:\MATLAB6p1\work\ntc_d\moviePopup.m <-- scriabin /home/craig/ntc_d moviePopup.m
2003.01.06 15:42 B C:\MATLAB6p1\work\ntc_d\nanMed.m <-- scriabin /home/craig/ntc_d nanMed.m
2003.01.06 15:42 B C:\MATLAB6p1\work\ntc_d\nanMed.m~ <-- scriabin /home/craig/ntc_d nanMed.m~
2003.01.06 15:42 B C:\MATLAB6p1\work\ntc_d\ncondtc.m <-- scriabin /home/craig/ntc_d ncondtc.m
2003.01.06 15:42 B C:\MATLAB6p1\work\ntc_d\ncondtc2.m <-- scriabin /home/craig/ntc_d ncondtc2.m
2003.01.06 15:42 B C:\MATLAB6p1\work\ntc_d\nDoHist.m <-- scriabin /home/craig/ntc_d nDoHist.m
2003.01.06 15:42 B C:\MATLAB6p1\work\ntc_d\nDoLatency.m <-- scriabin /home/craig/ntc_d nDoLatency.m
2003.01.06 15:42 B C:\MATLAB6p1\work\ntc_d\nDoRate.m <-- scriabin /home/craig/ntc_d nDoRate.m
2003.01.06 15:42 B C:\MATLAB6p1\work\ntc_d\nDoTC.m <-- scriabin /home/craig/ntc_d nDoTC.m
2003.01.06 15:42 B C:\MATLAB6p1\work\ntc_d\nDoTC.m~ <-- scriabin /home/craig/ntc_d nDoTC.m~
2003.01.06 15:42 B C:\MATLAB6p1\work\ntc_d\newDoTC.m <-- scriabin /home/craig/ntc_d newDoTC.m
2003.01.06 15:42 B C:\MATLAB6p1\work\ntc_d\newDoTC.m~ <-- scriabin /home/craig/ntc_d newDoTC.m~
2003.01.06 15:42 B C:\MATLAB6p1\work\ntc_d\ntc.m <-- scriabin /home/craig/ntc_d ntc.m
2003.01.06 15:42 B C:\MATLAB6p1\work\ntc_d\ntchelp.txt <-- scriabin /home/craig/ntc_d ntchelp.txt
2003.01.06 15:42 B C:\MATLAB6p1\work\ntc_d\ntcprefs.mat <-- scriabin /home/craig/ntc_d ntcprefs.mat
2003.01.06 15:42 B C:\MATLAB6p1\work\ntc_d\pickHist.m <-- scriabin /home/craig/ntc_d pickHist.m
2003.01.06 15:42 B C:\MATLAB6p1\work\ntc_d\pickLatency.m <-- scriabin /home/craig/ntc_d pickLatency.m
2003.01.06 15:42 B C:\MATLAB6p1\work\ntc_d\pickRate.m <-- scriabin /home/craig/ntc_d pickRate.m
2003.01.06 15:42 B C:\MATLAB6p1\work\ntc_d\pickSpontRange.m <-- scriabin /home/craig/ntc_d pickSpontRange.m
2003.01.06 15:42 B C:\MATLAB6p1\work\ntc_d\pickStimRange.m <-- scriabin /home/craig/ntc_d pickStimRange.m
2003.01.06 15:42 B C:\MATLAB6p1\work\ntc_d\poisSigSpikes.m <-- scriabin /home/craig/ntc_d poisSigSpikes.m
2003.01.06 15:42 B C:\MATLAB6p1\work\ntc_d\printAxes.m <-- scriabin /home/craig/ntc_d printAxes.m
2003.01.06 15:42 B C:\MATLAB6p1\work\ntc_d\putNewAttribute.m <-- scriabin /home/craig/ntc_d putNewAttribute.m
2003.01.06 15:42 B C:\MATLAB6p1\work\ntc_d\rainbow.m <-- scriabin /home/craig/ntc_d rainbow.m
2003.01.06 15:42 B C:\MATLAB6p1\work\ntc_d\rainbow.m~ <-- scriabin /home/craig/ntc_d rainbow.m~
2003.01.06 15:42 B C:\MATLAB6p1\work\ntc_d\rateAccept.m <-- scriabin /home/craig/ntc_d rateAccept.m
2003.01.06 15:42 B C:\MATLAB6p1\work\ntc_d\rateMarkRadios.m <-- scriabin /home/craig/ntc_d rateMarkRadios.m
2003.01.06 15:42 B C:\MATLAB6p1\work\ntc_d\rateRangeRadios.m <-- scriabin /home/craig/ntc_d rateRangeRadios.m
2003.01.06 15:42 B C:\MATLAB6p1\work\ntc_d\rateXing.m <-- scriabin /home/craig/ntc_d rateXing.m
2003.01.06 15:42 B C:\MATLAB6p1\work\ntc_d\readAndDisplayFile.m <-- scriabin /home/craig/ntc_d readAndDisplayFile.m
2003.01.06 15:42 B C:\MATLAB6p1\work\ntc_d\readAndDisplayFile.m~ <-- scriabin /home/craig/ntc_d readAndDisplayFile.m~
2003.01.06 15:42 B C:\MATLAB6p1\work\ntc_d\readFileDialog.m <-- scriabin /home/craig/ntc_d readFileDialog.m
2003.01.06 15:42 B C:\MATLAB6p1\work\ntc_d\readFileDialog.m~ <-- scriabin /home/craig/ntc_d readFileDialog.m~
2003.01.06 15:42 B C:\MATLAB6p1\work\ntc_d\readNextFile.m <-- scriabin /home/craig/ntc_d readNextFile.m
2003.01.06 15:42 B C:\MATLAB6p1\work\ntc_d\readTextData.m <-- scriabin /home/craig/ntc_d readTextData.m
2003.01.06 15:42 B C:\MATLAB6p1\work\ntc_d\refreshDisplay.m <-- scriabin /home/craig/ntc_d refreshDisplay.m
2003.01.06 15:42 B C:\MATLAB6p1\work\ntc_d\resizeNTCFig.m <-- scriabin /home/craig/ntc_d resizeNTCFig.m
2003.01.06 15:42 B C:\MATLAB6p1\work\ntc_d\saveAttributes.m <-- scriabin /home/craig/ntc_d saveAttributes.m
2003.01.06 15:42 B C:\MATLAB6p1\work\ntc_d\saveAttributes.m~ <-- scriabin /home/craig/ntc_d saveAttributes.m~
2003.01.06 15:42 B C:\MATLAB6p1\work\ntc_d\saveFileDialog.m <-- scriabin /home/craig/ntc_d saveFileDialog.m
2003.01.06 15:42 B C:\MATLAB6p1\work\ntc_d\savePrefs.m <-- scriabin /home/craig/ntc_d savePrefs.m
2003.01.06 15:42 B C:\MATLAB6p1\work\ntc_d\sc172109.dtc <-- scriabin /home/craig/ntc_d sc172109.dtc
2003.01.06 15:42 B C:\MATLAB6p1\work\ntc_d\sc172110.dtc <-- scriabin /home/craig/ntc_d sc172110.dtc
2003.01.06 15:42 B C:\MATLAB6p1\work\ntc_d\selAndZap.m <-- scriabin /home/craig/ntc_d selAndZap.m
2003.01.06 15:42 B C:\MATLAB6p1\work\ntc_d\selectLatency.m <-- scriabin /home/craig/ntc_d selectLatency.m
2003.01.06 15:42 B C:\MATLAB6p1\work\ntc_d\setBackground.m <-- scriabin /home/craig/ntc_d setBackground.m
2003.01.06 15:42 B C:\MATLAB6p1\work\ntc_d\setDisplayType.m <-- scriabin /home/craig/ntc_d setDisplayType.m
2003.01.06 15:42 B C:\MATLAB6p1\work\ntc_d\setScale.m <-- scriabin /home/craig/ntc_d setScale.m
2003.01.06 15:42 B C:\MATLAB6p1\work\ntc_d\setSmoothing.m <-- scriabin /home/craig/ntc_d setSmoothing.m
2003.01.06 15:42 B C:\MATLAB6p1\work\ntc_d\sharp.m <-- scriabin /home/craig/ntc_d sharp.m
2003.01.06 15:42 B C:\MATLAB6p1\work\ntc_d\sharp.m.sav <-- scriabin /home/craig/ntc_d sharp.m.sav
2003.01.06 15:42 B C:\MATLAB6p1\work\ntc_d\showAttributes.m <-- scriabin /home/craig/ntc_d showAttributes.m
2003.01.06 15:42 B C:\MATLAB6p1\work\ntc_d\showFileNums.m <-- scriabin /home/craig/ntc_d showFileNums.m
2003.01.06 15:42 B C:\MATLAB6p1\work\ntc_d\showHist.m <-- scriabin /home/craig/ntc_d showHist.m
2003.01.06 15:42 B C:\MATLAB6p1\work\ntc_d\showLatencies2.m <-- scriabin /home/craig/ntc_d showLatencies2.m
2003.01.06 15:42 B C:\MATLAB6p1\work\ntc_d\showRate.m <-- scriabin /home/craig/ntc_d showRate.m
2003.01.06 15:42 B C:\MATLAB6p1\work\ntc_d\smooth2.m <-- scriabin /home/craig/ntc_d smooth2.m
2003.01.06 15:42 B C:\MATLAB6p1\work\ntc_d\splToMaxPeakAccel.m <-- scriabin /home/craig/ntc_d splToMaxPeakAccel.m
2003.01.06 15:42 B C:\MATLAB6p1\work\ntc_d\spontButton.m <-- scriabin /home/craig/ntc_d spontButton.m
2003.01.06 15:42 B C:\MATLAB6p1\work\ntc_d\suggest.m <-- scriabin /home/craig/ntc_d suggest.m
2003.01.06 15:42 B C:\MATLAB6p1\work\ntc_d\ToDo.txt <-- scriabin /home/craig/ntc_d ToDo.txt
2003.01.06 15:42 B C:\MATLAB6p1\work\ntc_d\toggleBlind.m <-- scriabin /home/craig/ntc_d toggleBlind.m
2003.01.06 15:42 B C:\MATLAB6p1\work\ntc_d\updateFromRange.m <-- scriabin /home/craig/ntc_d updateFromRange.m
2003.01.06 15:42 B C:\MATLAB6p1\work\ntc_d\updateFromSliders.m <-- scriabin /home/craig/ntc_d updateFromSliders.m
2003.01.06 15:42 B C:\MATLAB6p1\work\ntc_d\updateFromSliderText.m <-- scriabin /home/craig/ntc_d updateFromSliderText.m
2003.01.06 15:42 B C:\MATLAB6p1\work\ntc_d\verbose.m <-- scriabin /home/craig/ntc_d verbose.m
2003.01.06 15:42 B C:\MATLAB6p1\work\ntc_d\verbose.m~ <-- scriabin /home/craig/ntc_d verbose.m~
2003.01.06 15:42 B C:\MATLAB6p1\work\ntc_d\zapStimPoint.m <-- scriabin /home/craig/ntc_d zapStimPoint.m
2003.01.06 15:42 B C:\MATLAB6p1\work\ntc_d\zapStimRange.m <-- scriabin /home/craig/ntc_d zapStimRange.m
